<?xml version="1.0" encoding="UTF-8" ?>
<testsuite tests="33" failures="0" name="ohtu.TennisGameTest" time="0.11" errors="0" skipped="0">
  <properties>
    <property name="java.runtime.name" value="Java(TM) SE Runtime Environment"/>
    <property name="sun.boot.library.path" value="/home/tuomokar/programming/java/jdk1.8.0_73/jre/lib/amd64"/>
    <property name="java.vm.version" value="25.73-b02"/>
    <property name="java.vm.vendor" value="Oracle Corporation"/>
    <property name="java.vendor.url" value="http://java.oracle.com/"/>
    <property name="path.separator" value=":"/>
    <property name="guice.disable.misplaced.annotation.check" value="true"/>
    <property name="java.vm.name" value="Java HotSpot(TM) 64-Bit Server VM"/>
    <property name="file.encoding.pkg" value="sun.io"/>
    <property name="user.country" value="US"/>
    <property name="sun.java.launcher" value="SUN_STANDARD"/>
    <property name="sun.os.patch.level" value="unknown"/>
    <property name="java.vm.specification.name" value="Java Virtual Machine Specification"/>
    <property name="user.dir" value="/home/tuomokar/kurssijuttuja/ohtu2016/repo_klooneja/ohtu2016/viikko5/Tennis"/>
    <property name="java.runtime.version" value="1.8.0_73-b02"/>
    <property name="java.awt.graphicsenv" value="sun.awt.X11GraphicsEnvironment"/>
    <property name="java.endorsed.dirs" value="/home/tuomokar/programming/java/jdk1.8.0_73/jre/lib/endorsed"/>
    <property name="os.arch" value="amd64"/>
    <property name="java.io.tmpdir" value="/tmp"/>
    <property name="line.separator" value="
"/>
    <property name="java.vm.specification.vendor" value="Oracle Corporation"/>
    <property name="os.name" value="Linux"/>
    <property name="maven.ext.class.path" value="/home/tuomokar/programming/ide/netbeans-8.1/java/maven-nblib/netbeans-eventspy.jar"/>
    <property name="classworlds.conf" value="/home/tuomokar/programming/ide/netbeans-8.1/java/maven/bin/m2.conf"/>
    <property name="sun.jnu.encoding" value="UTF-8"/>
    <property name="java.library.path" value="/home/tuomokar/programming/java/jdk1.8.0_73/jre/lib/amd64:/home/tuomokar/programming/java/jdk1.8.0_73/jre/lib/i386::/usr/java/packages/lib/amd64:/usr/lib64:/lib64:/lib:/usr/lib"/>
    <property name="java.specification.name" value="Java Platform API Specification"/>
    <property name="java.class.version" value="52.0"/>
    <property name="sun.management.compiler" value="HotSpot 64-Bit Tiered Compilers"/>
    <property name="os.version" value="4.2.0-34-generic"/>
    <property name="user.home" value="/home/tuomokar"/>
    <property name="user.timezone" value="Europe/Helsinki"/>
    <property name="java.awt.printerjob" value="sun.print.PSPrinterJob"/>
    <property name="file.encoding" value="UTF-8"/>
    <property name="java.specification.version" value="1.8"/>
    <property name="user.name" value="tuomokar"/>
    <property name="java.class.path" value="/home/tuomokar/programming/ide/netbeans-8.1/java/maven/boot/plexus-classworlds-2.4.jar"/>
    <property name="java.vm.specification.version" value="1.8"/>
    <property name="sun.arch.data.model" value="64"/>
    <property name="java.home" value="/home/tuomokar/programming/java/jdk1.8.0_73/jre"/>
    <property name="sun.java.command" value="org.codehaus.plexus.classworlds.launcher.Launcher -Dmaven.ext.class.path=/home/tuomokar/programming/ide/netbeans-8.1/java/maven-nblib/netbeans-eventspy.jar test"/>
    <property name="java.specification.vendor" value="Oracle Corporation"/>
    <property name="user.language" value="en"/>
    <property name="awt.toolkit" value="sun.awt.X11.XToolkit"/>
    <property name="java.vm.info" value="mixed mode"/>
    <property name="java.version" value="1.8.0_73"/>
    <property name="java.ext.dirs" value="/home/tuomokar/programming/java/jdk1.8.0_73/jre/lib/ext:/usr/java/packages/lib/ext"/>
    <property name="securerandom.source" value="file:/dev/./urandom"/>
    <property name="sun.boot.class.path" value="/home/tuomokar/programming/java/jdk1.8.0_73/jre/lib/resources.jar:/home/tuomokar/programming/java/jdk1.8.0_73/jre/lib/rt.jar:/home/tuomokar/programming/java/jdk1.8.0_73/jre/lib/sunrsasign.jar:/home/tuomokar/programming/java/jdk1.8.0_73/jre/lib/jsse.jar:/home/tuomokar/programming/java/jdk1.8.0_73/jre/lib/jce.jar:/home/tuomokar/programming/java/jdk1.8.0_73/jre/lib/charsets.jar:/home/tuomokar/programming/java/jdk1.8.0_73/jre/lib/jfr.jar:/home/tuomokar/programming/java/jdk1.8.0_73/jre/classes"/>
    <property name="java.vendor" value="Oracle Corporation"/>
    <property name="maven.home" value="/home/tuomokar/programming/ide/netbeans-8.1/java/maven"/>
    <property name="file.separator" value="/"/>
    <property name="java.vendor.url.bug" value="http://bugreport.sun.com/bugreport/"/>
    <property name="sun.cpu.endian" value="little"/>
    <property name="sun.io.unicode.encoding" value="UnicodeLittle"/>
    <property name="sun.desktop" value="gnome"/>
    <property name="sun.cpu.isalist" value=""/>
  </properties>
  <testcase classname="ohtu.TennisGameTest" name="checkAllScoresTennisGame[0]" time="0.002"/>
  <testcase classname="ohtu.TennisGameTest" name="checkAllScoresTennisGame[1]" time="0"/>
  <testcase classname="ohtu.TennisGameTest" name="checkAllScoresTennisGame[2]" time="0"/>
  <testcase classname="ohtu.TennisGameTest" name="checkAllScoresTennisGame[3]" time="0"/>
  <testcase classname="ohtu.TennisGameTest" name="checkAllScoresTennisGame[4]" time="0"/>
  <testcase classname="ohtu.TennisGameTest" name="checkAllScoresTennisGame[5]" time="0"/>
  <testcase classname="ohtu.TennisGameTest" name="checkAllScoresTennisGame[6]" time="0"/>
  <testcase classname="ohtu.TennisGameTest" name="checkAllScoresTennisGame[7]" time="0"/>
  <testcase classname="ohtu.TennisGameTest" name="checkAllScoresTennisGame[8]" time="0"/>
  <testcase classname="ohtu.TennisGameTest" name="checkAllScoresTennisGame[9]" time="0.006"/>
  <testcase classname="ohtu.TennisGameTest" name="checkAllScoresTennisGame[10]" time="0"/>
  <testcase classname="ohtu.TennisGameTest" name="checkAllScoresTennisGame[11]" time="0"/>
  <testcase classname="ohtu.TennisGameTest" name="checkAllScoresTennisGame[12]" time="0"/>
  <testcase classname="ohtu.TennisGameTest" name="checkAllScoresTennisGame[13]" time="0"/>
  <testcase classname="ohtu.TennisGameTest" name="checkAllScoresTennisGame[14]" time="0"/>
  <testcase classname="ohtu.TennisGameTest" name="checkAllScoresTennisGame[15]" time="0"/>
  <testcase classname="ohtu.TennisGameTest" name="checkAllScoresTennisGame[16]" time="0.001"/>
  <testcase classname="ohtu.TennisGameTest" name="checkAllScoresTennisGame[17]" time="0"/>
  <testcase classname="ohtu.TennisGameTest" name="checkAllScoresTennisGame[18]" time="0"/>
  <testcase classname="ohtu.TennisGameTest" name="checkAllScoresTennisGame[19]" time="0.002"/>
  <testcase classname="ohtu.TennisGameTest" name="checkAllScoresTennisGame[20]" time="0"/>
  <testcase classname="ohtu.TennisGameTest" name="checkAllScoresTennisGame[21]" time="0"/>
  <testcase classname="ohtu.TennisGameTest" name="checkAllScoresTennisGame[22]" time="0"/>
  <testcase classname="ohtu.TennisGameTest" name="checkAllScoresTennisGame[23]" time="0"/>
  <testcase classname="ohtu.TennisGameTest" name="checkAllScoresTennisGame[24]" time="0"/>
  <testcase classname="ohtu.TennisGameTest" name="checkAllScoresTennisGame[25]" time="0"/>
  <testcase classname="ohtu.TennisGameTest" name="checkAllScoresTennisGame[26]" time="0"/>
  <testcase classname="ohtu.TennisGameTest" name="checkAllScoresTennisGame[27]" time="0"/>
  <testcase classname="ohtu.TennisGameTest" name="checkAllScoresTennisGame[28]" time="0.001"/>
  <testcase classname="ohtu.TennisGameTest" name="checkAllScoresTennisGame[29]" time="0"/>
  <testcase classname="ohtu.TennisGameTest" name="checkAllScoresTennisGame[30]" time="0"/>
  <testcase classname="ohtu.TennisGameTest" name="checkAllScoresTennisGame[31]" time="0"/>
  <testcase classname="ohtu.TennisGameTest" name="checkAllScoresTennisGame[32]" time="0"/>
</testsuite>